This file contains any messages produced by compilers while
running configure, to aid debugging if configure makes a mistake.

It was created by adb configure 1.0.1, which was
generated by GNU Autoconf 2.69.  Invocation command line was

  $ ./configure 

## --------- ##
## Platform. ##
## --------- ##

hostname = colin3dmaxdeMacBook-Pro.local
uname -m = x86_64
uname -r = 14.1.0
uname -s = Darwin
uname -v = Darwin Kernel Version 14.1.0: Mon Dec 22 23:10:38 PST 2014; root:xnu-2782.10.72~2/RELEASE_X86_64

/usr/bin/uname -p = i386
/bin/uname -X     = unknown

/bin/arch              = unknown
/usr/bin/arch -k       = unknown
/usr/convex/getsysinfo = unknown
/usr/bin/hostinfo      = Mach kernel version:
	 Darwin Kernel Version 14.1.0: Mon Dec 22 23:10:38 PST 2014; root:xnu-2782.10.72~2/RELEASE_X86_64
Kernel configured for up to 8 processors.
4 processors are physically available.
8 processors are logically available.
Processor type: x86_64h (Intel x86-64h Haswell)
Processors active: 0 1 2 3 4 5 6 7
Primary memory available: 16.00 gigabytes
Default processor set: 317 tasks, 3469 threads, 8 processors
Load average: 4.87, Mach factor: 3.96
/bin/machine           = unknown
/usr/bin/oslevel       = unknown
/bin/universe          = unknown

PATH: /usr/local/Cellar/ctags/5.8/bin
PATH: /opt/local/bin
PATH: /opt/local/sbin
PATH: /Users/colin3dmax/Library/Application Support/GoodSync
PATH: /Users/colin3dmax/Work/adt-bundle-mac-x86_64-20131030/sdk/build-tools/android-4.4
PATH: /opt/local/bin
PATH: /opt/local/sbin
PATH: /Users/colin3dmax/Work/apache-maven-3.2.1/bin
PATH: /usr/local/ant/bin
PATH: /Users/colin3dmax/Downloads/cocos2d-js-v3.2/tools/cocos2d-console/bin
PATH: /Users/colin3dmax/bin/Sencha/Cmd/4.0.2.67
PATH: /Users/colin3dmax/bin/Sencha/Cmd/4.0.2.67
PATH: /Users/colin3dmax/.rvm/gems/ruby-1.9.3-p484/bin
PATH: /Users/colin3dmax/.rvm/gems/ruby-1.9.3-p484@global/bin
PATH: /Users/colin3dmax/.rvm/rubies/ruby-1.9.3-p484/bin
PATH: /usr/bin
PATH: /bin
PATH: /usr/sbin
PATH: /sbin
PATH: /usr/local/bin
PATH: /usr/local/mysql/bin
PATH: /opt/X11/bin
PATH: /usr/local/go/bin
PATH: /Users/colin3dmax/Work/depot_tools
PATH: /Users/colin3dmax/Work/adt-bundle-mac-x86_64-20131030/sdk/platform-tools
PATH: /Users/colin3dmax/Work/adt-bundle-mac-x86_64-20131030/sdk/tools
PATH: /Users/colin3dmax/Work/android-ndk-r9c
PATH: /Users/colin3dmax/.rvm/bin
PATH: /usr/local/ant/bin
PATH: /Applications/Araxis Merge.app/Contents/Utilities
PATH: /Users/colin3dmax/.rvm/bin
PATH: /Applications/Araxis Merge.app/Contents/Utilities


## ----------- ##
## Core tests. ##
## ----------- ##

configure:2577: checking for a BSD-compatible install
configure:2645: result: /opt/local/bin/ginstall -c
configure:2656: checking whether build environment is sane
configure:2711: result: yes
configure:2862: checking for a thread-safe mkdir -p
configure:2901: result: /opt/local/bin/gmkdir -p
configure:2908: checking for gawk
configure:2924: found /opt/local/bin/gawk
configure:2935: result: gawk
configure:2946: checking whether make sets $(MAKE)
configure:2968: result: yes
configure:2997: checking whether make supports nested variables
configure:3014: result: yes
configure:3200: checking for g++
configure:3216: found /usr/bin/g++
configure:3227: result: g++
configure:3254: checking for C++ compiler version
configure:3263: g++ --version >&5
Apple LLVM version 6.0 (clang-600.0.56) (based on LLVM 3.5svn)
Target: x86_64-apple-darwin14.1.0
Thread model: posix
Configured with: --prefix=/Applications/Xcode.app/Contents/Developer/usr --with-gxx-include-dir=/usr/include/c++/4.2.1
configure:3274: $? = 0
configure:3263: g++ -v >&5
Configured with: --prefix=/Applications/Xcode.app/Contents/Developer/usr --with-gxx-include-dir=/usr/include/c++/4.2.1
Apple LLVM version 6.0 (clang-600.0.56) (based on LLVM 3.5svn)
Target: x86_64-apple-darwin14.1.0
Thread model: posix
configure:3274: $? = 0
configure:3263: g++ -V >&5
clang: error: argument to '-V' is missing (expected 1 value)
clang: error: no input files
configure:3274: $? = 1
configure:3263: g++ -qversion >&5
clang: error: unknown argument: '-qversion'
clang: error: no input files
configure:3274: $? = 1
configure:3294: checking whether the C++ compiler works
configure:3316: g++  -I/opt/local/include -L/opt/local/lib conftest.cpp  >&5
configure:3320: $? = 0
configure:3368: result: yes
configure:3371: checking for C++ compiler default output file name
configure:3373: result: a.out
configure:3379: checking for suffix of executables
configure:3386: g++ -o conftest  -I/opt/local/include -L/opt/local/lib conftest.cpp  >&5
configure:3390: $? = 0
configure:3412: result: 
configure:3434: checking whether we are cross compiling
configure:3442: g++ -o conftest  -I/opt/local/include -L/opt/local/lib conftest.cpp  >&5
configure:3446: $? = 0
configure:3453: ./conftest
configure:3457: $? = 0
configure:3472: result: no
configure:3477: checking for suffix of object files
configure:3499: g++ -c  -I/opt/local/include conftest.cpp >&5
configure:3503: $? = 0
configure:3524: result: o
configure:3528: checking whether we are using the GNU C++ compiler
configure:3547: g++ -c  -I/opt/local/include conftest.cpp >&5
configure:3547: $? = 0
configure:3556: result: yes
configure:3565: checking whether g++ accepts -g
configure:3585: g++ -c -g -I/opt/local/include conftest.cpp >&5
configure:3585: $? = 0
configure:3626: result: yes
configure:3660: checking for style of include used by make
configure:3688: result: GNU
configure:3714: checking dependency style of g++
configure:3825: result: gcc3
configure:3888: checking for gcc
configure:3904: found /usr/bin/gcc
configure:3915: result: gcc
configure:4144: checking for C compiler version
configure:4153: gcc --version >&5
Apple LLVM version 6.0 (clang-600.0.56) (based on LLVM 3.5svn)
Target: x86_64-apple-darwin14.1.0
Thread model: posix
Configured with: --prefix=/Applications/Xcode.app/Contents/Developer/usr --with-gxx-include-dir=/usr/include/c++/4.2.1
configure:4164: $? = 0
configure:4153: gcc -v >&5
Configured with: --prefix=/Applications/Xcode.app/Contents/Developer/usr --with-gxx-include-dir=/usr/include/c++/4.2.1
Apple LLVM version 6.0 (clang-600.0.56) (based on LLVM 3.5svn)
Target: x86_64-apple-darwin14.1.0
Thread model: posix
configure:4164: $? = 0
configure:4153: gcc -V >&5
clang: error: argument to '-V' is missing (expected 1 value)
clang: error: no input files
configure:4164: $? = 1
configure:4153: gcc -qversion >&5
clang: error: unknown argument: '-qversion'
clang: error: no input files
configure:4164: $? = 1
configure:4168: checking whether we are using the GNU C compiler
configure:4187: gcc -c  -I/opt/local/include conftest.c >&5
configure:4187: $? = 0
configure:4196: result: yes
configure:4205: checking whether gcc accepts -g
configure:4225: gcc -c -g -I/opt/local/include conftest.c >&5
configure:4225: $? = 0
configure:4266: result: yes
configure:4283: checking for gcc option to accept ISO C89
configure:4346: gcc  -c -g -O2 -I/opt/local/include conftest.c >&5
configure:4346: $? = 0
configure:4359: result: none needed
configure:4384: checking whether gcc understands -c and -o together
configure:4406: gcc -c conftest.c -o conftest2.o
configure:4409: $? = 0
configure:4406: gcc -c conftest.c -o conftest2.o
configure:4409: $? = 0
configure:4421: result: yes
configure:4440: checking dependency style of gcc
configure:4551: result: gcc3
configure:4609: checking for ranlib
configure:4625: found /usr/bin/ranlib
configure:4636: result: ranlib
configure:4673: checking build system type
configure:4687: result: x86_64-apple-darwin14.1.0
configure:4707: checking host system type
configure:4720: result: x86_64-apple-darwin14.1.0
configure:4761: checking how to print strings
configure:4788: result: printf
configure:4809: checking for a sed that does not truncate output
configure:4873: result: /opt/local/bin/gsed
configure:4891: checking for grep that handles long lines and -e
configure:4949: result: /usr/bin/grep
configure:4954: checking for egrep
configure:5016: result: /usr/bin/grep -E
configure:5021: checking for fgrep
configure:5083: result: /usr/bin/grep -F
configure:5118: checking for ld used by gcc
configure:5185: result: /Applications/Xcode.app/Contents/Developer/Toolchains/XcodeDefault.xctoolchain/usr/bin/ld
configure:5192: checking if the linker (/Applications/Xcode.app/Contents/Developer/Toolchains/XcodeDefault.xctoolchain/usr/bin/ld) is GNU ld
configure:5207: result: no
configure:5219: checking for BSD- or MS-compatible name lister (nm)
configure:5268: result: /usr/bin/nm
configure:5398: checking the name lister (/usr/bin/nm) interface
configure:5405: gcc -c -g -O2 -I/opt/local/include conftest.c >&5
configure:5408: /usr/bin/nm "conftest.o"
configure:5411: output
0000000000000220 S _some_variable
configure:5418: result: BSD nm
configure:5421: checking whether ln -s works
configure:5425: result: yes
configure:5433: checking the maximum length of command line arguments
configure:5563: result: 196608
configure:5580: checking whether the shell understands some XSI constructs
configure:5590: result: yes
configure:5594: checking whether the shell understands "+="
configure:5600: result: yes
configure:5635: checking how to convert x86_64-apple-darwin14.1.0 file names to x86_64-apple-darwin14.1.0 format
configure:5675: result: func_convert_file_noop
configure:5682: checking how to convert x86_64-apple-darwin14.1.0 file names to toolchain format
configure:5702: result: func_convert_file_noop
configure:5709: checking for /Applications/Xcode.app/Contents/Developer/Toolchains/XcodeDefault.xctoolchain/usr/bin/ld option to reload object files
configure:5716: result: -r
configure:5790: checking for objdump
configure:5820: result: no
configure:5849: checking how to recognize dependent libraries
configure:6051: result: pass_all
configure:6136: checking for dlltool
configure:6166: result: no
configure:6196: checking how to associate runtime and link libraries
configure:6223: result: printf %s\n
configure:6284: checking for ar
configure:6300: found /usr/bin/ar
configure:6311: result: ar
configure:6348: checking for archiver @FILE support
configure:6365: gcc -c -g -O2 -I/opt/local/include conftest.c >&5
configure:6365: $? = 0
configure:6368: ar cru libconftest.a @conftest.lst >&5
ar: @conftest.lst: No such file or directory
configure:6371: $? = 1
configure:6391: result: no
configure:6449: checking for strip
configure:6465: found /usr/bin/strip
configure:6476: result: strip
configure:6548: checking for ranlib
configure:6575: result: ranlib
configure:6677: checking command to parse /usr/bin/nm output from gcc object
configure:6797: gcc -c -g -O2 -I/opt/local/include conftest.c >&5
configure:6800: $? = 0
configure:6804: /usr/bin/nm conftest.o \| sed -n -e 's/^.*[ ]\([BCDEGRST][BCDEGRST]*\)[ ][ ]*\([_A-Za-z][_A-Za-z0-9]*\)$/\1 \2 \2/p' | sed '/ __gnu_lto/d' \> conftest.nm
configure:6807: $? = 0
cannot find nm_test_var in conftest.nm
configure:6797: gcc -c -g -O2 -I/opt/local/include conftest.c >&5
configure:6800: $? = 0
configure:6804: /usr/bin/nm conftest.o \| sed -n -e 's/^.*[ ]\([BCDEGRST][BCDEGRST]*\)[ ][ ]*_\([_A-Za-z][_A-Za-z0-9]*\)$/\1 _\2 \2/p' | sed '/ __gnu_lto/d' \> conftest.nm
configure:6807: $? = 0
configure:6873: gcc -o conftest -g -O2 -I/opt/local/include -L/opt/local/lib conftest.c conftstm.o >&5
configure:6876: $? = 0
configure:6914: result: ok
configure:6951: checking for sysroot
configure:6981: result: no
configure:7237: checking for mt
configure:7267: result: no
configure:7287: checking if : is a manifest tool
configure:7293: : '-?'
configure:7301: result: no
configure:7357: checking for dsymutil
configure:7373: found /usr/bin/dsymutil
configure:7384: result: dsymutil
configure:7449: checking for nmedit
configure:7465: found /usr/bin/nmedit
configure:7476: result: nmedit
configure:7541: checking for lipo
configure:7557: found /usr/bin/lipo
configure:7568: result: lipo
configure:7633: checking for otool
configure:7649: found /usr/bin/otool
configure:7660: result: otool
configure:7725: checking for otool64
configure:7755: result: no
configure:7800: checking for -single_module linker flag
gcc -g -O2 -L/opt/local/lib -o libconftest.dylib -dynamiclib -Wl,-single_module conftest.c
configure:7833: result: yes
configure:7836: checking for -exported_symbols_list linker flag
configure:7856: gcc -o conftest -g -O2 -I/opt/local/include -L/opt/local/lib -Wl,-exported_symbols_list,conftest.sym conftest.c  >&5
configure:7856: $? = 0
configure:7866: result: yes
configure:7869: checking for -force_load linker flag
gcc -g -O2 -c -o conftest.o conftest.c
ar cru libconftest.a conftest.o
ranlib libconftest.a
gcc -g -O2 -L/opt/local/lib -o conftest conftest.c -Wl,-force_load,./libconftest.a
configure:7901: result: yes
configure:7943: checking how to run the C preprocessor
configure:7974: gcc -E -I/opt/local/include conftest.c
configure:7974: $? = 0
configure:7988: gcc -E -I/opt/local/include conftest.c
conftest.c:11:10: fatal error: 'ac_nonexistent.h' file not found
#include <ac_nonexistent.h>
         ^
1 error generated.
configure:7988: $? = 1
configure: failed program was:
| /* confdefs.h */
| #define PACKAGE_NAME "adb"
| #define PACKAGE_TARNAME "adb"
| #define PACKAGE_VERSION "1.0.1"
| #define PACKAGE_STRING "adb 1.0.1"
| #define PACKAGE_BUGREPORT "karfield@126.com"
| #define PACKAGE_URL ""
| #define PACKAGE "test"
| #define VERSION "1.0"
| /* end confdefs.h.  */
| #include <ac_nonexistent.h>
configure:8013: result: gcc -E
configure:8033: gcc -E -I/opt/local/include conftest.c
configure:8033: $? = 0
configure:8047: gcc -E -I/opt/local/include conftest.c
conftest.c:11:10: fatal error: 'ac_nonexistent.h' file not found
#include <ac_nonexistent.h>
         ^
1 error generated.
configure:8047: $? = 1
configure: failed program was:
| /* confdefs.h */
| #define PACKAGE_NAME "adb"
| #define PACKAGE_TARNAME "adb"
| #define PACKAGE_VERSION "1.0.1"
| #define PACKAGE_STRING "adb 1.0.1"
| #define PACKAGE_BUGREPORT "karfield@126.com"
| #define PACKAGE_URL ""
| #define PACKAGE "test"
| #define VERSION "1.0"
| /* end confdefs.h.  */
| #include <ac_nonexistent.h>
configure:8076: checking for ANSI C header files
configure:8096: gcc -c -g -O2 -I/opt/local/include conftest.c >&5
configure:8096: $? = 0
configure:8169: gcc -o conftest -g -O2 -I/opt/local/include -L/opt/local/lib conftest.c  >&5
configure:8169: $? = 0
configure:8169: ./conftest
configure:8169: $? = 0
configure:8180: result: yes
configure:8193: checking for sys/types.h
configure:8193: gcc -c -g -O2 -I/opt/local/include conftest.c >&5
configure:8193: $? = 0
configure:8193: result: yes
configure:8193: checking for sys/stat.h
configure:8193: gcc -c -g -O2 -I/opt/local/include conftest.c >&5
configure:8193: $? = 0
configure:8193: result: yes
configure:8193: checking for stdlib.h
configure:8193: gcc -c -g -O2 -I/opt/local/include conftest.c >&5
configure:8193: $? = 0
configure:8193: result: yes
configure:8193: checking for string.h
configure:8193: gcc -c -g -O2 -I/opt/local/include conftest.c >&5
configure:8193: $? = 0
configure:8193: result: yes
configure:8193: checking for memory.h
configure:8193: gcc -c -g -O2 -I/opt/local/include conftest.c >&5
configure:8193: $? = 0
configure:8193: result: yes
configure:8193: checking for strings.h
configure:8193: gcc -c -g -O2 -I/opt/local/include conftest.c >&5
configure:8193: $? = 0
configure:8193: result: yes
configure:8193: checking for inttypes.h
configure:8193: gcc -c -g -O2 -I/opt/local/include conftest.c >&5
configure:8193: $? = 0
configure:8193: result: yes
configure:8193: checking for stdint.h
configure:8193: gcc -c -g -O2 -I/opt/local/include conftest.c >&5
configure:8193: $? = 0
configure:8193: result: yes
configure:8193: checking for unistd.h
configure:8193: gcc -c -g -O2 -I/opt/local/include conftest.c >&5
configure:8193: $? = 0
configure:8193: result: yes
configure:8207: checking for dlfcn.h
configure:8207: gcc -c -g -O2 -I/opt/local/include conftest.c >&5
configure:8207: $? = 0
configure:8207: result: yes
configure:8424: checking for objdir
configure:8439: result: .libs
configure:8706: checking if gcc supports -fno-rtti -fno-exceptions
configure:8724: gcc -c -g -O2 -I/opt/local/include -fno-rtti -fno-exceptions conftest.c >&5
configure:8728: $? = 0
configure:8741: result: yes
configure:9068: checking for gcc option to produce PIC
configure:9075: result: -fno-common -DPIC
configure:9083: checking if gcc PIC flag -fno-common -DPIC works
configure:9101: gcc -c -g -O2 -I/opt/local/include -fno-common -DPIC -DPIC conftest.c >&5
configure:9105: $? = 0
configure:9118: result: yes
configure:9147: checking if gcc static flag -static works
configure:9175: result: no
configure:9190: checking if gcc supports -c -o file.o
configure:9211: gcc -c -g -O2 -I/opt/local/include -o out/conftest2.o conftest.c >&5
configure:9215: $? = 0
configure:9237: result: yes
configure:9245: checking if gcc supports -c -o file.o
configure:9292: result: yes
configure:9325: checking whether the gcc linker (/Applications/Xcode.app/Contents/Developer/Toolchains/XcodeDefault.xctoolchain/usr/bin/ld) supports shared libraries
configure:10478: result: yes
configure:10718: checking dynamic linker characteristics
configure:11451: result: darwin14.1.0 dyld
configure:11558: checking how to hardcode library paths into programs
configure:11583: result: immediate
configure:12123: checking whether stripping libraries is possible
configure:12137: result: yes
configure:12163: checking if libtool supports shared libraries
configure:12165: result: yes
configure:12168: checking whether to build shared libraries
configure:12189: result: yes
configure:12192: checking whether to build static libraries
configure:12196: result: yes
configure:12219: checking how to run the C++ preprocessor
configure:12246: g++ -E -I/opt/local/include conftest.cpp
configure:12246: $? = 0
configure:12260: g++ -E -I/opt/local/include conftest.cpp
conftest.cpp:23:10: fatal error: 'ac_nonexistent.h' file not found
#include <ac_nonexistent.h>
         ^
1 error generated.
configure:12260: $? = 1
configure: failed program was:
| /* confdefs.h */
| #define PACKAGE_NAME "adb"
| #define PACKAGE_TARNAME "adb"
| #define PACKAGE_VERSION "1.0.1"
| #define PACKAGE_STRING "adb 1.0.1"
| #define PACKAGE_BUGREPORT "karfield@126.com"
| #define PACKAGE_URL ""
| #define PACKAGE "test"
| #define VERSION "1.0"
| #define STDC_HEADERS 1
| #define HAVE_SYS_TYPES_H 1
| #define HAVE_SYS_STAT_H 1
| #define HAVE_STDLIB_H 1
| #define HAVE_STRING_H 1
| #define HAVE_MEMORY_H 1
| #define HAVE_STRINGS_H 1
| #define HAVE_INTTYPES_H 1
| #define HAVE_STDINT_H 1
| #define HAVE_UNISTD_H 1
| #define HAVE_DLFCN_H 1
| #define LT_OBJDIR ".libs/"
| /* end confdefs.h.  */
| #include <ac_nonexistent.h>
configure:12285: result: g++ -E
configure:12305: g++ -E -I/opt/local/include conftest.cpp
configure:12305: $? = 0
configure:12319: g++ -E -I/opt/local/include conftest.cpp
conftest.cpp:23:10: fatal error: 'ac_nonexistent.h' file not found
#include <ac_nonexistent.h>
         ^
1 error generated.
configure:12319: $? = 1
configure: failed program was:
| /* confdefs.h */
| #define PACKAGE_NAME "adb"
| #define PACKAGE_TARNAME "adb"
| #define PACKAGE_VERSION "1.0.1"
| #define PACKAGE_STRING "adb 1.0.1"
| #define PACKAGE_BUGREPORT "karfield@126.com"
| #define PACKAGE_URL ""
| #define PACKAGE "test"
| #define VERSION "1.0"
| #define STDC_HEADERS 1
| #define HAVE_SYS_TYPES_H 1
| #define HAVE_SYS_STAT_H 1
| #define HAVE_STDLIB_H 1
| #define HAVE_STRING_H 1
| #define HAVE_MEMORY_H 1
| #define HAVE_STRINGS_H 1
| #define HAVE_INTTYPES_H 1
| #define HAVE_STDINT_H 1
| #define HAVE_UNISTD_H 1
| #define HAVE_DLFCN_H 1
| #define LT_OBJDIR ".libs/"
| /* end confdefs.h.  */
| #include <ac_nonexistent.h>
configure:12488: checking for ld used by g++
configure:12555: result: /Applications/Xcode.app/Contents/Developer/Toolchains/XcodeDefault.xctoolchain/usr/bin/ld
configure:12562: checking if the linker (/Applications/Xcode.app/Contents/Developer/Toolchains/XcodeDefault.xctoolchain/usr/bin/ld) is GNU ld
configure:12577: result: no
configure:12632: checking whether the g++ linker (/Applications/Xcode.app/Contents/Developer/Toolchains/XcodeDefault.xctoolchain/usr/bin/ld) supports shared libraries
configure:13637: result: yes
configure:13673: g++ -c -g -O2 -I/opt/local/include conftest.cpp >&5
configure:13676: $? = 0
configure:14196: checking for g++ option to produce PIC
configure:14203: result: -fno-common -DPIC
configure:14211: checking if g++ PIC flag -fno-common -DPIC works
configure:14229: g++ -c -g -O2 -I/opt/local/include -fno-common -DPIC -DPIC conftest.cpp >&5
configure:14233: $? = 0
configure:14246: result: yes
configure:14269: checking if g++ static flag -static works
configure:14297: result: no
configure:14309: checking if g++ supports -c -o file.o
configure:14330: g++ -c -g -O2 -I/opt/local/include -o out/conftest2.o conftest.cpp >&5
configure:14334: $? = 0
configure:14356: result: yes
configure:14361: checking if g++ supports -c -o file.o
configure:14408: result: yes
configure:14438: checking whether the g++ linker (/Applications/Xcode.app/Contents/Developer/Toolchains/XcodeDefault.xctoolchain/usr/bin/ld) supports shared libraries
configure:14474: result: yes
configure:14615: checking dynamic linker characteristics
configure:15282: result: darwin14.1.0 dyld
configure:15335: checking how to hardcode library paths into programs
configure:15360: result: immediate
configure:15424: checking for sched_setscheduler in -lrt
configure:15449: gcc -o conftest -g -O2 -I/opt/local/include -L/opt/local/lib conftest.c -lrt   >&5
ld: library not found for -lrt
clang: error: linker command failed with exit code 1 (use -v to see invocation)
configure:15449: $? = 1
configure: failed program was:
| /* confdefs.h */
| #define PACKAGE_NAME "adb"
| #define PACKAGE_TARNAME "adb"
| #define PACKAGE_VERSION "1.0.1"
| #define PACKAGE_STRING "adb 1.0.1"
| #define PACKAGE_BUGREPORT "karfield@126.com"
| #define PACKAGE_URL ""
| #define PACKAGE "test"
| #define VERSION "1.0"
| #define STDC_HEADERS 1
| #define HAVE_SYS_TYPES_H 1
| #define HAVE_SYS_STAT_H 1
| #define HAVE_STDLIB_H 1
| #define HAVE_STRING_H 1
| #define HAVE_MEMORY_H 1
| #define HAVE_STRINGS_H 1
| #define HAVE_INTTYPES_H 1
| #define HAVE_STDINT_H 1
| #define HAVE_UNISTD_H 1
| #define HAVE_DLFCN_H 1
| #define LT_OBJDIR ".libs/"
| /* end confdefs.h.  */
| 
| /* Override any GCC internal prototype to avoid an error.
|    Use char because int might match the return type of a GCC
|    builtin and then its argument prototype would still apply.  */
| #ifdef __cplusplus
| extern "C"
| #endif
| char sched_setscheduler ();
| int
| main ()
| {
| return sched_setscheduler ();
|   ;
|   return 0;
| }
configure:15458: result: no
configure:15469: checking for pthread_create in -lpthread
configure:15494: gcc -o conftest -g -O2 -I/opt/local/include -L/opt/local/lib conftest.c -lpthread   >&5
configure:15494: $? = 0
configure:15503: result: yes
configure:15514: checking for delscreen in -lncurses
configure:15539: gcc -o conftest -g -O2 -I/opt/local/include -L/opt/local/lib conftest.c -lncurses  -lpthread  >&5
configure:15539: $? = 0
configure:15548: result: yes
configure:15559: checking for inflateInit2_ in -lz
configure:15584: gcc -o conftest -g -O2 -I/opt/local/include -L/opt/local/lib conftest.c -lz  -lncurses -lpthread  >&5
configure:15584: $? = 0
configure:15593: result: yes
configure:15609: checking fcntl.h usability
configure:15609: gcc -c -g -O2 -I/opt/local/include conftest.c >&5
configure:15609: $? = 0
configure:15609: result: yes
configure:15609: checking fcntl.h presence
configure:15609: gcc -E -I/opt/local/include conftest.c
configure:15609: $? = 0
configure:15609: result: yes
configure:15609: checking for fcntl.h
configure:15609: result: yes
configure:15609: checking limits.h usability
configure:15609: gcc -c -g -O2 -I/opt/local/include conftest.c >&5
configure:15609: $? = 0
configure:15609: result: yes
configure:15609: checking limits.h presence
configure:15609: gcc -E -I/opt/local/include conftest.c
configure:15609: $? = 0
configure:15609: result: yes
configure:15609: checking for limits.h
configure:15609: result: yes
configure:15609: checking for memory.h
configure:15609: result: yes
configure:15609: checking netdb.h usability
configure:15609: gcc -c -g -O2 -I/opt/local/include conftest.c >&5
configure:15609: $? = 0
configure:15609: result: yes
configure:15609: checking netdb.h presence
configure:15609: gcc -E -I/opt/local/include conftest.c
configure:15609: $? = 0
configure:15609: result: yes
configure:15609: checking for netdb.h
configure:15609: result: yes
configure:15609: checking netinet/in.h usability
configure:15609: gcc -c -g -O2 -I/opt/local/include conftest.c >&5
configure:15609: $? = 0
configure:15609: result: yes
configure:15609: checking netinet/in.h presence
configure:15609: gcc -E -I/opt/local/include conftest.c
configure:15609: $? = 0
configure:15609: result: yes
configure:15609: checking for netinet/in.h
configure:15609: result: yes
configure:15609: checking stddef.h usability
configure:15609: gcc -c -g -O2 -I/opt/local/include conftest.c >&5
configure:15609: $? = 0
configure:15609: result: yes
configure:15609: checking stddef.h presence
configure:15609: gcc -E -I/opt/local/include conftest.c
configure:15609: $? = 0
configure:15609: result: yes
configure:15609: checking for stddef.h
configure:15609: result: yes
configure:15609: checking for stdint.h
configure:15609: result: yes
configure:15609: checking for stdlib.h
configure:15609: result: yes
configure:15609: checking for string.h
configure:15609: result: yes
configure:15609: checking for strings.h
configure:15609: result: yes
configure:15609: checking sys/ioctl.h usability
configure:15609: gcc -c -g -O2 -I/opt/local/include conftest.c >&5
configure:15609: $? = 0
configure:15609: result: yes
configure:15609: checking sys/ioctl.h presence
configure:15609: gcc -E -I/opt/local/include conftest.c
configure:15609: $? = 0
configure:15609: result: yes
configure:15609: checking for sys/ioctl.h
configure:15609: result: yes
configure:15609: checking sys/mount.h usability
configure:15609: gcc -c -g -O2 -I/opt/local/include conftest.c >&5
configure:15609: $? = 0
configure:15609: result: yes
configure:15609: checking sys/mount.h presence
configure:15609: gcc -E -I/opt/local/include conftest.c
configure:15609: $? = 0
configure:15609: result: yes
configure:15609: checking for sys/mount.h
configure:15609: result: yes
configure:15609: checking sys/socket.h usability
configure:15609: gcc -c -g -O2 -I/opt/local/include conftest.c >&5
configure:15609: $? = 0
configure:15609: result: yes
configure:15609: checking sys/socket.h presence
configure:15609: gcc -E -I/opt/local/include conftest.c
configure:15609: $? = 0
configure:15609: result: yes
configure:15609: checking for sys/socket.h
configure:15609: result: yes
configure:15609: checking sys/time.h usability
configure:15609: gcc -c -g -O2 -I/opt/local/include conftest.c >&5
configure:15609: $? = 0
configure:15609: result: yes
configure:15609: checking sys/time.h presence
configure:15609: gcc -E -I/opt/local/include conftest.c
configure:15609: $? = 0
configure:15609: result: yes
configure:15609: checking for sys/time.h
configure:15609: result: yes
configure:15609: checking termios.h usability
configure:15609: gcc -c -g -O2 -I/opt/local/include conftest.c >&5
configure:15609: $? = 0
configure:15609: result: yes
configure:15609: checking termios.h presence
configure:15609: gcc -E -I/opt/local/include conftest.c
configure:15609: $? = 0
configure:15609: result: yes
configure:15609: checking for termios.h
configure:15609: result: yes
configure:15609: checking for unistd.h
configure:15609: result: yes
configure:15609: checking utime.h usability
configure:15609: gcc -c -g -O2 -I/opt/local/include conftest.c >&5
configure:15609: $? = 0
configure:15609: result: yes
configure:15609: checking utime.h presence
configure:15609: gcc -E -I/opt/local/include conftest.c
configure:15609: $? = 0
configure:15609: result: yes
configure:15609: checking for utime.h
configure:15609: result: yes
configure:15621: checking for uid_t in sys/types.h
configure:15640: result: yes
configure:15651: checking for inline
configure:15667: gcc -c -g -O2 -I/opt/local/include conftest.c >&5
configure:15667: $? = 0
configure:15675: result: inline
configure:15693: checking for int64_t
configure:15693: gcc -c -g -O2 -I/opt/local/include conftest.c >&5
configure:15693: $? = 0
configure:15693: gcc -c -g -O2 -I/opt/local/include conftest.c >&5
conftest.c:80:24: error: 'test_array' declared as an array with a negative size
static int test_array [1 - 2 * !((int64_t) (((((int64_t) 1 << N) << N) - 1) * 2 + 1)
                       ^~~~~~~~~~~~~~~~~~~~~~~~~~~~~~~~~~~~~~~~~~~~~~~~~~~~~~~~~~~~~
1 error generated.
configure:15693: $? = 1
configure: failed program was:
| /* confdefs.h */
| #define PACKAGE_NAME "adb"
| #define PACKAGE_TARNAME "adb"
| #define PACKAGE_VERSION "1.0.1"
| #define PACKAGE_STRING "adb 1.0.1"
| #define PACKAGE_BUGREPORT "karfield@126.com"
| #define PACKAGE_URL ""
| #define PACKAGE "test"
| #define VERSION "1.0"
| #define STDC_HEADERS 1
| #define HAVE_SYS_TYPES_H 1
| #define HAVE_SYS_STAT_H 1
| #define HAVE_STDLIB_H 1
| #define HAVE_STRING_H 1
| #define HAVE_MEMORY_H 1
| #define HAVE_STRINGS_H 1
| #define HAVE_INTTYPES_H 1
| #define HAVE_STDINT_H 1
| #define HAVE_UNISTD_H 1
| #define HAVE_DLFCN_H 1
| #define LT_OBJDIR ".libs/"
| #define HAVE_LIBPTHREAD 1
| #define HAVE_LIBNCURSES 1
| #define HAVE_LIBZ 1
| #define HAVE_FCNTL_H 1
| #define HAVE_LIMITS_H 1
| #define HAVE_MEMORY_H 1
| #define HAVE_NETDB_H 1
| #define HAVE_NETINET_IN_H 1
| #define HAVE_STDDEF_H 1
| #define HAVE_STDINT_H 1
| #define HAVE_STDLIB_H 1
| #define HAVE_STRING_H 1
| #define HAVE_STRINGS_H 1
| #define HAVE_SYS_IOCTL_H 1
| #define HAVE_SYS_MOUNT_H 1
| #define HAVE_SYS_SOCKET_H 1
| #define HAVE_SYS_TIME_H 1
| #define HAVE_TERMIOS_H 1
| #define HAVE_UNISTD_H 1
| #define HAVE_UTIME_H 1
| /* end confdefs.h.  */
| #include <stdio.h>
| #ifdef HAVE_SYS_TYPES_H
| # include <sys/types.h>
| #endif
| #ifdef HAVE_SYS_STAT_H
| # include <sys/stat.h>
| #endif
| #ifdef STDC_HEADERS
| # include <stdlib.h>
| # include <stddef.h>
| #else
| # ifdef HAVE_STDLIB_H
| #  include <stdlib.h>
| # endif
| #endif
| #ifdef HAVE_STRING_H
| # if !defined STDC_HEADERS && defined HAVE_MEMORY_H
| #  include <memory.h>
| # endif
| # include <string.h>
| #endif
| #ifdef HAVE_STRINGS_H
| # include <strings.h>
| #endif
| #ifdef HAVE_INTTYPES_H
| # include <inttypes.h>
| #endif
| #ifdef HAVE_STDINT_H
| # include <stdint.h>
| #endif
| #ifdef HAVE_UNISTD_H
| # include <unistd.h>
| #endif
| 	        enum { N = 64 / 2 - 1 };
| int
| main ()
| {
| static int test_array [1 - 2 * !((int64_t) (((((int64_t) 1 << N) << N) - 1) * 2 + 1)
| 		 < (int64_t) (((((int64_t) 1 << N) << N) - 1) * 2 + 2))];
| test_array [0] = 0;
| return test_array [0];
| 
|   ;
|   return 0;
| }
configure:15693: result: yes
configure:15704: checking for mode_t
configure:15704: gcc -c -g -O2 -I/opt/local/include conftest.c >&5
configure:15704: $? = 0
configure:15704: gcc -c -g -O2 -I/opt/local/include conftest.c >&5
conftest.c:79:21: error: expected expression
if (sizeof ((mode_t)))
                    ^
1 error generated.
configure:15704: $? = 1
configure: failed program was:
| /* confdefs.h */
| #define PACKAGE_NAME "adb"
| #define PACKAGE_TARNAME "adb"
| #define PACKAGE_VERSION "1.0.1"
| #define PACKAGE_STRING "adb 1.0.1"
| #define PACKAGE_BUGREPORT "karfield@126.com"
| #define PACKAGE_URL ""
| #define PACKAGE "test"
| #define VERSION "1.0"
| #define STDC_HEADERS 1
| #define HAVE_SYS_TYPES_H 1
| #define HAVE_SYS_STAT_H 1
| #define HAVE_STDLIB_H 1
| #define HAVE_STRING_H 1
| #define HAVE_MEMORY_H 1
| #define HAVE_STRINGS_H 1
| #define HAVE_INTTYPES_H 1
| #define HAVE_STDINT_H 1
| #define HAVE_UNISTD_H 1
| #define HAVE_DLFCN_H 1
| #define LT_OBJDIR ".libs/"
| #define HAVE_LIBPTHREAD 1
| #define HAVE_LIBNCURSES 1
| #define HAVE_LIBZ 1
| #define HAVE_FCNTL_H 1
| #define HAVE_LIMITS_H 1
| #define HAVE_MEMORY_H 1
| #define HAVE_NETDB_H 1
| #define HAVE_NETINET_IN_H 1
| #define HAVE_STDDEF_H 1
| #define HAVE_STDINT_H 1
| #define HAVE_STDLIB_H 1
| #define HAVE_STRING_H 1
| #define HAVE_STRINGS_H 1
| #define HAVE_SYS_IOCTL_H 1
| #define HAVE_SYS_MOUNT_H 1
| #define HAVE_SYS_SOCKET_H 1
| #define HAVE_SYS_TIME_H 1
| #define HAVE_TERMIOS_H 1
| #define HAVE_UNISTD_H 1
| #define HAVE_UTIME_H 1
| /* end confdefs.h.  */
| #include <stdio.h>
| #ifdef HAVE_SYS_TYPES_H
| # include <sys/types.h>
| #endif
| #ifdef HAVE_SYS_STAT_H
| # include <sys/stat.h>
| #endif
| #ifdef STDC_HEADERS
| # include <stdlib.h>
| # include <stddef.h>
| #else
| # ifdef HAVE_STDLIB_H
| #  include <stdlib.h>
| # endif
| #endif
| #ifdef HAVE_STRING_H
| # if !defined STDC_HEADERS && defined HAVE_MEMORY_H
| #  include <memory.h>
| # endif
| # include <string.h>
| #endif
| #ifdef HAVE_STRINGS_H
| # include <strings.h>
| #endif
| #ifdef HAVE_INTTYPES_H
| # include <inttypes.h>
| #endif
| #ifdef HAVE_STDINT_H
| # include <stdint.h>
| #endif
| #ifdef HAVE_UNISTD_H
| # include <unistd.h>
| #endif
| int
| main ()
| {
| if (sizeof ((mode_t)))
| 	    return 0;
|   ;
|   return 0;
| }
configure:15704: result: yes
configure:15715: checking for pid_t
configure:15715: gcc -c -g -O2 -I/opt/local/include conftest.c >&5
configure:15715: $? = 0
configure:15715: gcc -c -g -O2 -I/opt/local/include conftest.c >&5
conftest.c:79:20: error: expected expression
if (sizeof ((pid_t)))
                   ^
1 error generated.
configure:15715: $? = 1
configure: failed program was:
| /* confdefs.h */
| #define PACKAGE_NAME "adb"
| #define PACKAGE_TARNAME "adb"
| #define PACKAGE_VERSION "1.0.1"
| #define PACKAGE_STRING "adb 1.0.1"
| #define PACKAGE_BUGREPORT "karfield@126.com"
| #define PACKAGE_URL ""
| #define PACKAGE "test"
| #define VERSION "1.0"
| #define STDC_HEADERS 1
| #define HAVE_SYS_TYPES_H 1
| #define HAVE_SYS_STAT_H 1
| #define HAVE_STDLIB_H 1
| #define HAVE_STRING_H 1
| #define HAVE_MEMORY_H 1
| #define HAVE_STRINGS_H 1
| #define HAVE_INTTYPES_H 1
| #define HAVE_STDINT_H 1
| #define HAVE_UNISTD_H 1
| #define HAVE_DLFCN_H 1
| #define LT_OBJDIR ".libs/"
| #define HAVE_LIBPTHREAD 1
| #define HAVE_LIBNCURSES 1
| #define HAVE_LIBZ 1
| #define HAVE_FCNTL_H 1
| #define HAVE_LIMITS_H 1
| #define HAVE_MEMORY_H 1
| #define HAVE_NETDB_H 1
| #define HAVE_NETINET_IN_H 1
| #define HAVE_STDDEF_H 1
| #define HAVE_STDINT_H 1
| #define HAVE_STDLIB_H 1
| #define HAVE_STRING_H 1
| #define HAVE_STRINGS_H 1
| #define HAVE_SYS_IOCTL_H 1
| #define HAVE_SYS_MOUNT_H 1
| #define HAVE_SYS_SOCKET_H 1
| #define HAVE_SYS_TIME_H 1
| #define HAVE_TERMIOS_H 1
| #define HAVE_UNISTD_H 1
| #define HAVE_UTIME_H 1
| /* end confdefs.h.  */
| #include <stdio.h>
| #ifdef HAVE_SYS_TYPES_H
| # include <sys/types.h>
| #endif
| #ifdef HAVE_SYS_STAT_H
| # include <sys/stat.h>
| #endif
| #ifdef STDC_HEADERS
| # include <stdlib.h>
| # include <stddef.h>
| #else
| # ifdef HAVE_STDLIB_H
| #  include <stdlib.h>
| # endif
| #endif
| #ifdef HAVE_STRING_H
| # if !defined STDC_HEADERS && defined HAVE_MEMORY_H
| #  include <memory.h>
| # endif
| # include <string.h>
| #endif
| #ifdef HAVE_STRINGS_H
| # include <strings.h>
| #endif
| #ifdef HAVE_INTTYPES_H
| # include <inttypes.h>
| #endif
| #ifdef HAVE_STDINT_H
| # include <stdint.h>
| #endif
| #ifdef HAVE_UNISTD_H
| # include <unistd.h>
| #endif
| int
| main ()
| {
| if (sizeof ((pid_t)))
| 	    return 0;
|   ;
|   return 0;
| }
configure:15715: result: yes
configure:15726: checking for size_t
configure:15726: gcc -c -g -O2 -I/opt/local/include conftest.c >&5
configure:15726: $? = 0
configure:15726: gcc -c -g -O2 -I/opt/local/include conftest.c >&5
conftest.c:79:21: error: expected expression
if (sizeof ((size_t)))
                    ^
1 error generated.
configure:15726: $? = 1
configure: failed program was:
| /* confdefs.h */
| #define PACKAGE_NAME "adb"
| #define PACKAGE_TARNAME "adb"
| #define PACKAGE_VERSION "1.0.1"
| #define PACKAGE_STRING "adb 1.0.1"
| #define PACKAGE_BUGREPORT "karfield@126.com"
| #define PACKAGE_URL ""
| #define PACKAGE "test"
| #define VERSION "1.0"
| #define STDC_HEADERS 1
| #define HAVE_SYS_TYPES_H 1
| #define HAVE_SYS_STAT_H 1
| #define HAVE_STDLIB_H 1
| #define HAVE_STRING_H 1
| #define HAVE_MEMORY_H 1
| #define HAVE_STRINGS_H 1
| #define HAVE_INTTYPES_H 1
| #define HAVE_STDINT_H 1
| #define HAVE_UNISTD_H 1
| #define HAVE_DLFCN_H 1
| #define LT_OBJDIR ".libs/"
| #define HAVE_LIBPTHREAD 1
| #define HAVE_LIBNCURSES 1
| #define HAVE_LIBZ 1
| #define HAVE_FCNTL_H 1
| #define HAVE_LIMITS_H 1
| #define HAVE_MEMORY_H 1
| #define HAVE_NETDB_H 1
| #define HAVE_NETINET_IN_H 1
| #define HAVE_STDDEF_H 1
| #define HAVE_STDINT_H 1
| #define HAVE_STDLIB_H 1
| #define HAVE_STRING_H 1
| #define HAVE_STRINGS_H 1
| #define HAVE_SYS_IOCTL_H 1
| #define HAVE_SYS_MOUNT_H 1
| #define HAVE_SYS_SOCKET_H 1
| #define HAVE_SYS_TIME_H 1
| #define HAVE_TERMIOS_H 1
| #define HAVE_UNISTD_H 1
| #define HAVE_UTIME_H 1
| /* end confdefs.h.  */
| #include <stdio.h>
| #ifdef HAVE_SYS_TYPES_H
| # include <sys/types.h>
| #endif
| #ifdef HAVE_SYS_STAT_H
| # include <sys/stat.h>
| #endif
| #ifdef STDC_HEADERS
| # include <stdlib.h>
| # include <stddef.h>
| #else
| # ifdef HAVE_STDLIB_H
| #  include <stdlib.h>
| # endif
| #endif
| #ifdef HAVE_STRING_H
| # if !defined STDC_HEADERS && defined HAVE_MEMORY_H
| #  include <memory.h>
| # endif
| # include <string.h>
| #endif
| #ifdef HAVE_STRINGS_H
| # include <strings.h>
| #endif
| #ifdef HAVE_INTTYPES_H
| # include <inttypes.h>
| #endif
| #ifdef HAVE_STDINT_H
| # include <stdint.h>
| #endif
| #ifdef HAVE_UNISTD_H
| # include <unistd.h>
| #endif
| int
| main ()
| {
| if (sizeof ((size_t)))
| 	    return 0;
|   ;
|   return 0;
| }
configure:15726: result: yes
configure:15737: checking for ssize_t
configure:15737: gcc -c -g -O2 -I/opt/local/include conftest.c >&5
configure:15737: $? = 0
configure:15737: gcc -c -g -O2 -I/opt/local/include conftest.c >&5
conftest.c:79:22: error: expected expression
if (sizeof ((ssize_t)))
                     ^
1 error generated.
configure:15737: $? = 1
configure: failed program was:
| /* confdefs.h */
| #define PACKAGE_NAME "adb"
| #define PACKAGE_TARNAME "adb"
| #define PACKAGE_VERSION "1.0.1"
| #define PACKAGE_STRING "adb 1.0.1"
| #define PACKAGE_BUGREPORT "karfield@126.com"
| #define PACKAGE_URL ""
| #define PACKAGE "test"
| #define VERSION "1.0"
| #define STDC_HEADERS 1
| #define HAVE_SYS_TYPES_H 1
| #define HAVE_SYS_STAT_H 1
| #define HAVE_STDLIB_H 1
| #define HAVE_STRING_H 1
| #define HAVE_MEMORY_H 1
| #define HAVE_STRINGS_H 1
| #define HAVE_INTTYPES_H 1
| #define HAVE_STDINT_H 1
| #define HAVE_UNISTD_H 1
| #define HAVE_DLFCN_H 1
| #define LT_OBJDIR ".libs/"
| #define HAVE_LIBPTHREAD 1
| #define HAVE_LIBNCURSES 1
| #define HAVE_LIBZ 1
| #define HAVE_FCNTL_H 1
| #define HAVE_LIMITS_H 1
| #define HAVE_MEMORY_H 1
| #define HAVE_NETDB_H 1
| #define HAVE_NETINET_IN_H 1
| #define HAVE_STDDEF_H 1
| #define HAVE_STDINT_H 1
| #define HAVE_STDLIB_H 1
| #define HAVE_STRING_H 1
| #define HAVE_STRINGS_H 1
| #define HAVE_SYS_IOCTL_H 1
| #define HAVE_SYS_MOUNT_H 1
| #define HAVE_SYS_SOCKET_H 1
| #define HAVE_SYS_TIME_H 1
| #define HAVE_TERMIOS_H 1
| #define HAVE_UNISTD_H 1
| #define HAVE_UTIME_H 1
| /* end confdefs.h.  */
| #include <stdio.h>
| #ifdef HAVE_SYS_TYPES_H
| # include <sys/types.h>
| #endif
| #ifdef HAVE_SYS_STAT_H
| # include <sys/stat.h>
| #endif
| #ifdef STDC_HEADERS
| # include <stdlib.h>
| # include <stddef.h>
| #else
| # ifdef HAVE_STDLIB_H
| #  include <stdlib.h>
| # endif
| #endif
| #ifdef HAVE_STRING_H
| # if !defined STDC_HEADERS && defined HAVE_MEMORY_H
| #  include <memory.h>
| # endif
| # include <string.h>
| #endif
| #ifdef HAVE_STRINGS_H
| # include <strings.h>
| #endif
| #ifdef HAVE_INTTYPES_H
| # include <inttypes.h>
| #endif
| #ifdef HAVE_STDINT_H
| # include <stdint.h>
| #endif
| #ifdef HAVE_UNISTD_H
| # include <unistd.h>
| #endif
| int
| main ()
| {
| if (sizeof ((ssize_t)))
| 	    return 0;
|   ;
|   return 0;
| }
configure:15737: result: yes
configure:15748: checking for stdbool.h that conforms to C99
configure:15815: gcc -c -g -O2 -I/opt/local/include conftest.c >&5
configure:15815: $? = 0
configure:15822: result: yes
configure:15824: checking for _Bool
configure:15824: gcc -c -g -O2 -I/opt/local/include conftest.c >&5
configure:15824: $? = 0
configure:15824: gcc -c -g -O2 -I/opt/local/include conftest.c >&5
conftest.c:79:20: error: expected expression
if (sizeof ((_Bool)))
                   ^
1 error generated.
configure:15824: $? = 1
configure: failed program was:
| /* confdefs.h */
| #define PACKAGE_NAME "adb"
| #define PACKAGE_TARNAME "adb"
| #define PACKAGE_VERSION "1.0.1"
| #define PACKAGE_STRING "adb 1.0.1"
| #define PACKAGE_BUGREPORT "karfield@126.com"
| #define PACKAGE_URL ""
| #define PACKAGE "test"
| #define VERSION "1.0"
| #define STDC_HEADERS 1
| #define HAVE_SYS_TYPES_H 1
| #define HAVE_SYS_STAT_H 1
| #define HAVE_STDLIB_H 1
| #define HAVE_STRING_H 1
| #define HAVE_MEMORY_H 1
| #define HAVE_STRINGS_H 1
| #define HAVE_INTTYPES_H 1
| #define HAVE_STDINT_H 1
| #define HAVE_UNISTD_H 1
| #define HAVE_DLFCN_H 1
| #define LT_OBJDIR ".libs/"
| #define HAVE_LIBPTHREAD 1
| #define HAVE_LIBNCURSES 1
| #define HAVE_LIBZ 1
| #define HAVE_FCNTL_H 1
| #define HAVE_LIMITS_H 1
| #define HAVE_MEMORY_H 1
| #define HAVE_NETDB_H 1
| #define HAVE_NETINET_IN_H 1
| #define HAVE_STDDEF_H 1
| #define HAVE_STDINT_H 1
| #define HAVE_STDLIB_H 1
| #define HAVE_STRING_H 1
| #define HAVE_STRINGS_H 1
| #define HAVE_SYS_IOCTL_H 1
| #define HAVE_SYS_MOUNT_H 1
| #define HAVE_SYS_SOCKET_H 1
| #define HAVE_SYS_TIME_H 1
| #define HAVE_TERMIOS_H 1
| #define HAVE_UNISTD_H 1
| #define HAVE_UTIME_H 1
| /* end confdefs.h.  */
| #include <stdio.h>
| #ifdef HAVE_SYS_TYPES_H
| # include <sys/types.h>
| #endif
| #ifdef HAVE_SYS_STAT_H
| # include <sys/stat.h>
| #endif
| #ifdef STDC_HEADERS
| # include <stdlib.h>
| # include <stddef.h>
| #else
| # ifdef HAVE_STDLIB_H
| #  include <stdlib.h>
| # endif
| #endif
| #ifdef HAVE_STRING_H
| # if !defined STDC_HEADERS && defined HAVE_MEMORY_H
| #  include <memory.h>
| # endif
| # include <string.h>
| #endif
| #ifdef HAVE_STRINGS_H
| # include <strings.h>
| #endif
| #ifdef HAVE_INTTYPES_H
| # include <inttypes.h>
| #endif
| #ifdef HAVE_STDINT_H
| # include <stdint.h>
| #endif
| #ifdef HAVE_UNISTD_H
| # include <unistd.h>
| #endif
| int
| main ()
| {
| if (sizeof ((_Bool)))
| 	    return 0;
|   ;
|   return 0;
| }
configure:15824: result: yes
configure:15841: checking for uint16_t
configure:15841: gcc -c -g -O2 -I/opt/local/include conftest.c >&5
configure:15841: $? = 0
configure:15841: result: yes
configure:15853: checking for uint8_t
configure:15853: gcc -c -g -O2 -I/opt/local/include conftest.c >&5
configure:15853: $? = 0
configure:15853: result: yes
configure:15871: checking for working alloca.h
configure:15888: gcc -o conftest -g -O2 -I/opt/local/include -L/opt/local/lib conftest.c -lz -lncurses -lpthread  >&5
configure:15888: $? = 0
configure:15896: result: yes
configure:15904: checking for alloca
configure:15941: gcc -o conftest -g -O2 -I/opt/local/include -L/opt/local/lib conftest.c -lz -lncurses -lpthread  >&5
configure:15941: $? = 0
configure:15949: result: yes
configure:16057: checking vfork.h usability
configure:16057: gcc -c -g -O2 -I/opt/local/include conftest.c >&5
conftest.c:80:10: fatal error: 'vfork.h' file not found
#include <vfork.h>
         ^
1 error generated.
configure:16057: $? = 1
configure: failed program was:
| /* confdefs.h */
| #define PACKAGE_NAME "adb"
| #define PACKAGE_TARNAME "adb"
| #define PACKAGE_VERSION "1.0.1"
| #define PACKAGE_STRING "adb 1.0.1"
| #define PACKAGE_BUGREPORT "karfield@126.com"
| #define PACKAGE_URL ""
| #define PACKAGE "test"
| #define VERSION "1.0"
| #define STDC_HEADERS 1
| #define HAVE_SYS_TYPES_H 1
| #define HAVE_SYS_STAT_H 1
| #define HAVE_STDLIB_H 1
| #define HAVE_STRING_H 1
| #define HAVE_MEMORY_H 1
| #define HAVE_STRINGS_H 1
| #define HAVE_INTTYPES_H 1
| #define HAVE_STDINT_H 1
| #define HAVE_UNISTD_H 1
| #define HAVE_DLFCN_H 1
| #define LT_OBJDIR ".libs/"
| #define HAVE_LIBPTHREAD 1
| #define HAVE_LIBNCURSES 1
| #define HAVE_LIBZ 1
| #define HAVE_FCNTL_H 1
| #define HAVE_LIMITS_H 1
| #define HAVE_MEMORY_H 1
| #define HAVE_NETDB_H 1
| #define HAVE_NETINET_IN_H 1
| #define HAVE_STDDEF_H 1
| #define HAVE_STDINT_H 1
| #define HAVE_STDLIB_H 1
| #define HAVE_STRING_H 1
| #define HAVE_STRINGS_H 1
| #define HAVE_SYS_IOCTL_H 1
| #define HAVE_SYS_MOUNT_H 1
| #define HAVE_SYS_SOCKET_H 1
| #define HAVE_SYS_TIME_H 1
| #define HAVE_TERMIOS_H 1
| #define HAVE_UNISTD_H 1
| #define HAVE_UTIME_H 1
| #define HAVE__BOOL 1
| #define HAVE_STDBOOL_H 1
| #define HAVE_ALLOCA_H 1
| #define HAVE_ALLOCA 1
| /* end confdefs.h.  */
| #include <stdio.h>
| #ifdef HAVE_SYS_TYPES_H
| # include <sys/types.h>
| #endif
| #ifdef HAVE_SYS_STAT_H
| # include <sys/stat.h>
| #endif
| #ifdef STDC_HEADERS
| # include <stdlib.h>
| # include <stddef.h>
| #else
| # ifdef HAVE_STDLIB_H
| #  include <stdlib.h>
| # endif
| #endif
| #ifdef HAVE_STRING_H
| # if !defined STDC_HEADERS && defined HAVE_MEMORY_H
| #  include <memory.h>
| # endif
| # include <string.h>
| #endif
| #ifdef HAVE_STRINGS_H
| # include <strings.h>
| #endif
| #ifdef HAVE_INTTYPES_H
| # include <inttypes.h>
| #endif
| #ifdef HAVE_STDINT_H
| # include <stdint.h>
| #endif
| #ifdef HAVE_UNISTD_H
| # include <unistd.h>
| #endif
| #include <vfork.h>
configure:16057: result: no
configure:16057: checking vfork.h presence
configure:16057: gcc -E -I/opt/local/include conftest.c
conftest.c:47:10: fatal error: 'vfork.h' file not found
#include <vfork.h>
         ^
1 error generated.
configure:16057: $? = 1
configure: failed program was:
| /* confdefs.h */
| #define PACKAGE_NAME "adb"
| #define PACKAGE_TARNAME "adb"
| #define PACKAGE_VERSION "1.0.1"
| #define PACKAGE_STRING "adb 1.0.1"
| #define PACKAGE_BUGREPORT "karfield@126.com"
| #define PACKAGE_URL ""
| #define PACKAGE "test"
| #define VERSION "1.0"
| #define STDC_HEADERS 1
| #define HAVE_SYS_TYPES_H 1
| #define HAVE_SYS_STAT_H 1
| #define HAVE_STDLIB_H 1
| #define HAVE_STRING_H 1
| #define HAVE_MEMORY_H 1
| #define HAVE_STRINGS_H 1
| #define HAVE_INTTYPES_H 1
| #define HAVE_STDINT_H 1
| #define HAVE_UNISTD_H 1
| #define HAVE_DLFCN_H 1
| #define LT_OBJDIR ".libs/"
| #define HAVE_LIBPTHREAD 1
| #define HAVE_LIBNCURSES 1
| #define HAVE_LIBZ 1
| #define HAVE_FCNTL_H 1
| #define HAVE_LIMITS_H 1
| #define HAVE_MEMORY_H 1
| #define HAVE_NETDB_H 1
| #define HAVE_NETINET_IN_H 1
| #define HAVE_STDDEF_H 1
| #define HAVE_STDINT_H 1
| #define HAVE_STDLIB_H 1
| #define HAVE_STRING_H 1
| #define HAVE_STRINGS_H 1
| #define HAVE_SYS_IOCTL_H 1
| #define HAVE_SYS_MOUNT_H 1
| #define HAVE_SYS_SOCKET_H 1
| #define HAVE_SYS_TIME_H 1
| #define HAVE_TERMIOS_H 1
| #define HAVE_UNISTD_H 1
| #define HAVE_UTIME_H 1
| #define HAVE__BOOL 1
| #define HAVE_STDBOOL_H 1
| #define HAVE_ALLOCA_H 1
| #define HAVE_ALLOCA 1
| /* end confdefs.h.  */
| #include <vfork.h>
configure:16057: result: no
configure:16057: checking for vfork.h
configure:16057: result: no
configure:16070: checking for fork
configure:16070: gcc -o conftest -g -O2 -I/opt/local/include -L/opt/local/lib conftest.c -lz -lncurses -lpthread  >&5
configure:16070: $? = 0
configure:16070: result: yes
configure:16070: checking for vfork
configure:16070: gcc -o conftest -g -O2 -I/opt/local/include -L/opt/local/lib conftest.c -lz -lncurses -lpthread  >&5
conftest.c:71:6: warning: incompatible redeclaration of library function 'vfork' [-Wincompatible-library-redeclaration]
char vfork ();
     ^
conftest.c:71:6: note: 'vfork' is a builtin with type 'int (void)'
1 warning generated.
configure:16070: $? = 0
configure:16070: result: yes
configure:16080: checking for working fork
configure:16102: gcc -o conftest -g -O2 -I/opt/local/include -L/opt/local/lib conftest.c -lz -lncurses -lpthread  >&5
configure:16102: $? = 0
configure:16102: ./conftest
configure:16102: $? = 0
configure:16112: result: yes
configure:16133: checking for working vfork
configure:16243: result: yes
configure:16268: checking whether lstat correctly handles trailing slash
configure:16294: gcc -o conftest -g -O2 -I/opt/local/include -L/opt/local/lib conftest.c -lz -lncurses -lpthread  >&5
configure:16294: $? = 0
configure:16294: ./conftest
configure:16294: $? = 1
configure: program exited with status 1
configure: failed program was:
| /* confdefs.h */
| #define PACKAGE_NAME "adb"
| #define PACKAGE_TARNAME "adb"
| #define PACKAGE_VERSION "1.0.1"
| #define PACKAGE_STRING "adb 1.0.1"
| #define PACKAGE_BUGREPORT "karfield@126.com"
| #define PACKAGE_URL ""
| #define PACKAGE "test"
| #define VERSION "1.0"
| #define STDC_HEADERS 1
| #define HAVE_SYS_TYPES_H 1
| #define HAVE_SYS_STAT_H 1
| #define HAVE_STDLIB_H 1
| #define HAVE_STRING_H 1
| #define HAVE_MEMORY_H 1
| #define HAVE_STRINGS_H 1
| #define HAVE_INTTYPES_H 1
| #define HAVE_STDINT_H 1
| #define HAVE_UNISTD_H 1
| #define HAVE_DLFCN_H 1
| #define LT_OBJDIR ".libs/"
| #define HAVE_LIBPTHREAD 1
| #define HAVE_LIBNCURSES 1
| #define HAVE_LIBZ 1
| #define HAVE_FCNTL_H 1
| #define HAVE_LIMITS_H 1
| #define HAVE_MEMORY_H 1
| #define HAVE_NETDB_H 1
| #define HAVE_NETINET_IN_H 1
| #define HAVE_STDDEF_H 1
| #define HAVE_STDINT_H 1
| #define HAVE_STDLIB_H 1
| #define HAVE_STRING_H 1
| #define HAVE_STRINGS_H 1
| #define HAVE_SYS_IOCTL_H 1
| #define HAVE_SYS_MOUNT_H 1
| #define HAVE_SYS_SOCKET_H 1
| #define HAVE_SYS_TIME_H 1
| #define HAVE_TERMIOS_H 1
| #define HAVE_UNISTD_H 1
| #define HAVE_UTIME_H 1
| #define HAVE__BOOL 1
| #define HAVE_STDBOOL_H 1
| #define HAVE_ALLOCA_H 1
| #define HAVE_ALLOCA 1
| #define HAVE_FORK 1
| #define HAVE_VFORK 1
| #define HAVE_WORKING_VFORK 1
| #define HAVE_WORKING_FORK 1
| /* end confdefs.h.  */
| #include <stdio.h>
| #ifdef HAVE_SYS_TYPES_H
| # include <sys/types.h>
| #endif
| #ifdef HAVE_SYS_STAT_H
| # include <sys/stat.h>
| #endif
| #ifdef STDC_HEADERS
| # include <stdlib.h>
| # include <stddef.h>
| #else
| # ifdef HAVE_STDLIB_H
| #  include <stdlib.h>
| # endif
| #endif
| #ifdef HAVE_STRING_H
| # if !defined STDC_HEADERS && defined HAVE_MEMORY_H
| #  include <memory.h>
| # endif
| # include <string.h>
| #endif
| #ifdef HAVE_STRINGS_H
| # include <strings.h>
| #endif
| #ifdef HAVE_INTTYPES_H
| # include <inttypes.h>
| #endif
| #ifdef HAVE_STDINT_H
| # include <stdint.h>
| #endif
| #ifdef HAVE_UNISTD_H
| # include <unistd.h>
| #endif
| int
| main ()
| {
| struct stat sbuf;
|      /* Linux will dereference the symlink and fail, as required by POSIX.
| 	That is better in the sense that it means we will not
| 	have to compile and use the lstat wrapper.  */
|      return lstat ("conftest.sym/", &sbuf) == 0;
|   ;
|   return 0;
| }
configure:16311: result: no
configure:16332: checking for stdlib.h
configure:16332: result: yes
configure:16342: checking for GNU libc compatible malloc
configure:16366: gcc -o conftest -g -O2 -I/opt/local/include -L/opt/local/lib conftest.c -lz -lncurses -lpthread  >&5
configure:16366: $? = 0
configure:16366: ./conftest
configure:16366: $? = 0
configure:16376: result: yes
configure:16399: checking for stdlib.h
configure:16399: result: yes
configure:16409: checking for GNU libc compatible realloc
configure:16433: gcc -o conftest -g -O2 -I/opt/local/include -L/opt/local/lib conftest.c -lz -lncurses -lpthread  >&5
configure:16433: $? = 0
configure:16433: ./conftest
configure:16433: $? = 0
configure:16443: result: yes
configure:16467: checking for atexit
configure:16467: gcc -o conftest -g -O2 -I/opt/local/include -L/opt/local/lib conftest.c -lz -lncurses -lpthread  >&5
configure:16467: $? = 0
configure:16467: result: yes
configure:16467: checking for dup2
configure:16467: gcc -o conftest -g -O2 -I/opt/local/include -L/opt/local/lib conftest.c -lz -lncurses -lpthread  >&5
configure:16467: $? = 0
configure:16467: result: yes
configure:16467: checking for getcwd
configure:16467: gcc -o conftest -g -O2 -I/opt/local/include -L/opt/local/lib conftest.c -lz -lncurses -lpthread  >&5
configure:16467: $? = 0
configure:16467: result: yes
configure:16467: checking for gethostbyname
configure:16467: gcc -o conftest -g -O2 -I/opt/local/include -L/opt/local/lib conftest.c -lz -lncurses -lpthread  >&5
configure:16467: $? = 0
configure:16467: result: yes
configure:16467: checking for gettimeofday
configure:16467: gcc -o conftest -g -O2 -I/opt/local/include -L/opt/local/lib conftest.c -lz -lncurses -lpthread  >&5
configure:16467: $? = 0
configure:16467: result: yes
configure:16467: checking for localtime_r
configure:16467: gcc -o conftest -g -O2 -I/opt/local/include -L/opt/local/lib conftest.c -lz -lncurses -lpthread  >&5
configure:16467: $? = 0
configure:16467: result: yes
configure:16467: checking for memset
configure:16467: gcc -o conftest -g -O2 -I/opt/local/include -L/opt/local/lib conftest.c -lz -lncurses -lpthread  >&5
conftest.c:84:6: warning: incompatible redeclaration of library function 'memset' [-Wincompatible-library-redeclaration]
char memset ();
     ^
conftest.c:84:6: note: 'memset' is a builtin with type 'void *(void *, int, unsigned long)'
1 warning generated.
configure:16467: $? = 0
configure:16467: result: yes
configure:16467: checking for mkdir
configure:16467: gcc -o conftest -g -O2 -I/opt/local/include -L/opt/local/lib conftest.c -lz -lncurses -lpthread  >&5
configure:16467: $? = 0
configure:16467: result: yes
configure:16467: checking for select
configure:16467: gcc -o conftest -g -O2 -I/opt/local/include -L/opt/local/lib conftest.c -lz -lncurses -lpthread  >&5
configure:16467: $? = 0
configure:16467: result: yes
configure:16467: checking for socket
configure:16467: gcc -o conftest -g -O2 -I/opt/local/include -L/opt/local/lib conftest.c -lz -lncurses -lpthread  >&5
configure:16467: $? = 0
configure:16467: result: yes
configure:16467: checking for strchr
configure:16467: gcc -o conftest -g -O2 -I/opt/local/include -L/opt/local/lib conftest.c -lz -lncurses -lpthread  >&5
conftest.c:88:6: warning: incompatible redeclaration of library function 'strchr' [-Wincompatible-library-redeclaration]
char strchr ();
     ^
conftest.c:88:6: note: 'strchr' is a builtin with type 'char *(const char *, int)'
1 warning generated.
configure:16467: $? = 0
configure:16467: result: yes
configure:16467: checking for strdup
configure:16467: gcc -o conftest -g -O2 -I/opt/local/include -L/opt/local/lib conftest.c -lz -lncurses -lpthread  >&5
conftest.c:89:6: warning: incompatible redeclaration of library function 'strdup' [-Wincompatible-library-redeclaration]
char strdup ();
     ^
conftest.c:89:6: note: 'strdup' is a builtin with type 'char *(const char *)'
1 warning generated.
configure:16467: $? = 0
configure:16467: result: yes
configure:16467: checking for strerror
configure:16467: gcc -o conftest -g -O2 -I/opt/local/include -L/opt/local/lib conftest.c -lz -lncurses -lpthread  >&5
conftest.c:90:6: warning: incompatible redeclaration of library function 'strerror' [-Wincompatible-library-redeclaration]
char strerror ();
     ^
conftest.c:90:6: note: 'strerror' is a builtin with type 'char *(int)'
1 warning generated.
configure:16467: $? = 0
configure:16467: result: yes
configure:16467: checking for strpbrk
configure:16467: gcc -o conftest -g -O2 -I/opt/local/include -L/opt/local/lib conftest.c -lz -lncurses -lpthread  >&5
conftest.c:91:6: warning: incompatible redeclaration of library function 'strpbrk' [-Wincompatible-library-redeclaration]
char strpbrk ();
     ^
conftest.c:91:6: note: 'strpbrk' is a builtin with type 'char *(const char *, const char *)'
1 warning generated.
configure:16467: $? = 0
configure:16467: result: yes
configure:16467: checking for strrchr
configure:16467: gcc -o conftest -g -O2 -I/opt/local/include -L/opt/local/lib conftest.c -lz -lncurses -lpthread  >&5
conftest.c:92:6: warning: incompatible redeclaration of library function 'strrchr' [-Wincompatible-library-redeclaration]
char strrchr ();
     ^
conftest.c:92:6: note: 'strrchr' is a builtin with type 'char *(const char *, int)'
1 warning generated.
configure:16467: $? = 0
configure:16467: result: yes
configure:16467: checking for strtol
configure:16467: gcc -o conftest -g -O2 -I/opt/local/include -L/opt/local/lib conftest.c -lz -lncurses -lpthread  >&5
configure:16467: $? = 0
configure:16467: result: yes
configure:16467: checking for strtoul
configure:16467: gcc -o conftest -g -O2 -I/opt/local/include -L/opt/local/lib conftest.c -lz -lncurses -lpthread  >&5
configure:16467: $? = 0
configure:16467: result: yes
configure:16467: checking for tzset
configure:16467: gcc -o conftest -g -O2 -I/opt/local/include -L/opt/local/lib conftest.c -lz -lncurses -lpthread  >&5
configure:16467: $? = 0
configure:16467: result: yes
configure:16467: checking for utime
configure:16467: gcc -o conftest -g -O2 -I/opt/local/include -L/opt/local/lib conftest.c -lz -lncurses -lpthread  >&5
configure:16467: $? = 0
configure:16467: result: yes
configure:16606: checking that generated files are newer than configure
configure:16612: result: done
configure:16647: creating ./config.status

## ---------------------- ##
## Running config.status. ##
## ---------------------- ##

This file was extended by adb config.status 1.0.1, which was
generated by GNU Autoconf 2.69.  Invocation command line was

  CONFIG_FILES    = 
  CONFIG_HEADERS  = 
  CONFIG_LINKS    = 
  CONFIG_COMMANDS = 
  $ ./config.status 

on colin3dmaxdeMacBook-Pro.local

config.status:1200: creating Makefile
config.status:1200: creating src/Makefile
config.status:1200: creating fastboot/Makefile
config.status:1200: creating libcutils/Makefile
config.status:1200: creating libzipfile/Makefile
config.status:1200: creating config.h
config.status:1381: config.h is unchanged
config.status:1429: executing depfiles commands
config.status:1429: executing libtool commands

## ---------------- ##
## Cache variables. ##
## ---------------- ##

ac_cv_build=x86_64-apple-darwin14.1.0
ac_cv_c_compiler_gnu=yes
ac_cv_c_inline=inline
ac_cv_c_int64_t=yes
ac_cv_c_uint16_t=yes
ac_cv_c_uint8_t=yes
ac_cv_cxx_compiler_gnu=yes
ac_cv_env_CCC_set=
ac_cv_env_CCC_value=
ac_cv_env_CC_set=
ac_cv_env_CC_value=
ac_cv_env_CFLAGS_set=
ac_cv_env_CFLAGS_value=
ac_cv_env_CPPFLAGS_set=set
ac_cv_env_CPPFLAGS_value=-I/opt/local/include
ac_cv_env_CPP_set=
ac_cv_env_CPP_value=
ac_cv_env_CXXCPP_set=
ac_cv_env_CXXCPP_value=
ac_cv_env_CXXFLAGS_set=
ac_cv_env_CXXFLAGS_value=
ac_cv_env_CXX_set=
ac_cv_env_CXX_value=
ac_cv_env_LDFLAGS_set=set
ac_cv_env_LDFLAGS_value=-L/opt/local/lib
ac_cv_env_LIBS_set=
ac_cv_env_LIBS_value=
ac_cv_env_build_alias_set=
ac_cv_env_build_alias_value=
ac_cv_env_host_alias_set=
ac_cv_env_host_alias_value=
ac_cv_env_target_alias_set=
ac_cv_env_target_alias_value=
ac_cv_func_alloca_works=yes
ac_cv_func_atexit=yes
ac_cv_func_dup2=yes
ac_cv_func_fork=yes
ac_cv_func_fork_works=yes
ac_cv_func_getcwd=yes
ac_cv_func_gethostbyname=yes
ac_cv_func_gettimeofday=yes
ac_cv_func_localtime_r=yes
ac_cv_func_lstat_dereferences_slashed_symlink=no
ac_cv_func_malloc_0_nonnull=yes
ac_cv_func_memset=yes
ac_cv_func_mkdir=yes
ac_cv_func_realloc_0_nonnull=yes
ac_cv_func_select=yes
ac_cv_func_socket=yes
ac_cv_func_strchr=yes
ac_cv_func_strdup=yes
ac_cv_func_strerror=yes
ac_cv_func_strpbrk=yes
ac_cv_func_strrchr=yes
ac_cv_func_strtol=yes
ac_cv_func_strtoul=yes
ac_cv_func_tzset=yes
ac_cv_func_utime=yes
ac_cv_func_vfork=yes
ac_cv_func_vfork_works=yes
ac_cv_header_dlfcn_h=yes
ac_cv_header_fcntl_h=yes
ac_cv_header_inttypes_h=yes
ac_cv_header_limits_h=yes
ac_cv_header_memory_h=yes
ac_cv_header_netdb_h=yes
ac_cv_header_netinet_in_h=yes
ac_cv_header_stdbool_h=yes
ac_cv_header_stdc=yes
ac_cv_header_stddef_h=yes
ac_cv_header_stdint_h=yes
ac_cv_header_stdlib_h=yes
ac_cv_header_string_h=yes
ac_cv_header_strings_h=yes
ac_cv_header_sys_ioctl_h=yes
ac_cv_header_sys_mount_h=yes
ac_cv_header_sys_socket_h=yes
ac_cv_header_sys_stat_h=yes
ac_cv_header_sys_time_h=yes
ac_cv_header_sys_types_h=yes
ac_cv_header_termios_h=yes
ac_cv_header_unistd_h=yes
ac_cv_header_utime_h=yes
ac_cv_header_vfork_h=no
ac_cv_host=x86_64-apple-darwin14.1.0
ac_cv_lib_ncurses_delscreen=yes
ac_cv_lib_pthread_pthread_create=yes
ac_cv_lib_rt_sched_setscheduler=no
ac_cv_lib_z_inflateInit2_=yes
ac_cv_objext=o
ac_cv_path_EGREP='/usr/bin/grep -E'
ac_cv_path_FGREP='/usr/bin/grep -F'
ac_cv_path_GREP=/usr/bin/grep
ac_cv_path_SED=/opt/local/bin/gsed
ac_cv_path_install='/opt/local/bin/ginstall -c'
ac_cv_path_mkdir=/opt/local/bin/gmkdir
ac_cv_prog_AWK=gawk
ac_cv_prog_CPP='gcc -E'
ac_cv_prog_CXXCPP='g++ -E'
ac_cv_prog_ac_ct_AR=ar
ac_cv_prog_ac_ct_CC=gcc
ac_cv_prog_ac_ct_CXX=g++
ac_cv_prog_ac_ct_DSYMUTIL=dsymutil
ac_cv_prog_ac_ct_LIPO=lipo
ac_cv_prog_ac_ct_NMEDIT=nmedit
ac_cv_prog_ac_ct_OTOOL=otool
ac_cv_prog_ac_ct_RANLIB=ranlib
ac_cv_prog_ac_ct_STRIP=strip
ac_cv_prog_cc_c89=
ac_cv_prog_cc_g=yes
ac_cv_prog_cxx_g=yes
ac_cv_prog_make_make_set=yes
ac_cv_type__Bool=yes
ac_cv_type_mode_t=yes
ac_cv_type_pid_t=yes
ac_cv_type_size_t=yes
ac_cv_type_ssize_t=yes
ac_cv_type_uid_t=yes
ac_cv_working_alloca_h=yes
am_cv_CC_dependencies_compiler_type=gcc3
am_cv_CXX_dependencies_compiler_type=gcc3
am_cv_make_support_nested_variables=yes
am_cv_prog_cc_c_o=yes
lt_cv_apple_cc_single_mod=yes
lt_cv_ar_at_file=no
lt_cv_deplibs_check_method=pass_all
lt_cv_file_magic_cmd='$MAGIC_CMD'
lt_cv_file_magic_test_file=
lt_cv_ld_exported_symbols_list=yes
lt_cv_ld_force_load=yes
lt_cv_ld_reload_flag=-r
lt_cv_nm_interface='BSD nm'
lt_cv_objdir=.libs
lt_cv_path_LD=/Applications/Xcode.app/Contents/Developer/Toolchains/XcodeDefault.xctoolchain/usr/bin/ld
lt_cv_path_LDCXX=/Applications/Xcode.app/Contents/Developer/Toolchains/XcodeDefault.xctoolchain/usr/bin/ld
lt_cv_path_NM=/usr/bin/nm
lt_cv_path_mainfest_tool=no
lt_cv_prog_compiler_c_o=yes
lt_cv_prog_compiler_c_o_CXX=yes
lt_cv_prog_compiler_pic='-fno-common -DPIC'
lt_cv_prog_compiler_pic_CXX='-fno-common -DPIC'
lt_cv_prog_compiler_pic_works=yes
lt_cv_prog_compiler_pic_works_CXX=yes
lt_cv_prog_compiler_rtti_exceptions=yes
lt_cv_prog_compiler_static_works=no
lt_cv_prog_compiler_static_works_CXX=no
lt_cv_prog_gnu_ld=no
lt_cv_prog_gnu_ldcxx=no
lt_cv_sharedlib_from_linklib_cmd='printf %s\n'
lt_cv_sys_global_symbol_pipe='sed -n -e '\''s/^.*[	 ]\([BCDEGRST][BCDEGRST]*\)[	 ][	 ]*_\([_A-Za-z][_A-Za-z0-9]*\)$/\1 _\2 \2/p'\'' | sed '\''/ __gnu_lto/d'\'''
lt_cv_sys_global_symbol_to_c_name_address='sed -n -e '\''s/^: \([^ ]*\)[ ]*$/  {\"\1\", (void *) 0},/p'\'' -e '\''s/^[BCDEGRST]* \([^ ]*\) \([^ ]*\)$/  {"\2", (void *) \&\2},/p'\'''
lt_cv_sys_global_symbol_to_c_name_address_lib_prefix='sed -n -e '\''s/^: \([^ ]*\)[ ]*$/  {\"\1\", (void *) 0},/p'\'' -e '\''s/^[BCDEGRST]* \([^ ]*\) \(lib[^ ]*\)$/  {"\2", (void *) \&\2},/p'\'' -e '\''s/^[BCDEGRST]* \([^ ]*\) \([^ ]*\)$/  {"lib\2", (void *) \&\2},/p'\'''
lt_cv_sys_global_symbol_to_cdecl='sed -n -e '\''s/^T .* \(.*\)$/extern int \1();/p'\'' -e '\''s/^[BCDEGRST]* .* \(.*\)$/extern char \1;/p'\'''
lt_cv_sys_max_cmd_len=196608
lt_cv_to_host_file_cmd=func_convert_file_noop
lt_cv_to_tool_file_cmd=func_convert_file_noop

## ----------------- ##
## Output variables. ##
## ----------------- ##

ACLOCAL='${SHELL} /Users/colin3dmax/Work/nice-adb/missing aclocal-1.14'
ALLOCA=''
AMDEPBACKSLASH='\'
AMDEP_FALSE='#'
AMDEP_TRUE=''
AMTAR='$${TAR-tar}'
AM_BACKSLASH='\'
AM_DEFAULT_V='$(AM_DEFAULT_VERBOSITY)'
AM_DEFAULT_VERBOSITY='1'
AM_V='$(V)'
AR='ar'
AUTOCONF='${SHELL} /Users/colin3dmax/Work/nice-adb/missing autoconf'
AUTOHEADER='${SHELL} /Users/colin3dmax/Work/nice-adb/missing autoheader'
AUTOMAKE='${SHELL} /Users/colin3dmax/Work/nice-adb/missing automake-1.14'
AWK='gawk'
CC='gcc'
CCDEPMODE='depmode=gcc3'
CFLAGS='-g -O2'
CPP='gcc -E'
CPPFLAGS='-I/opt/local/include'
CXX='g++'
CXXCPP='g++ -E'
CXXDEPMODE='depmode=gcc3'
CXXFLAGS='-g -O2'
CYGPATH_W='echo'
DEFS='-DHAVE_CONFIG_H'
DEPDIR='.deps'
DLLTOOL='false'
DSYMUTIL='dsymutil'
DUMPBIN=''
ECHO_C='\c'
ECHO_N=''
ECHO_T=''
EGREP='/usr/bin/grep -E'
EXEEXT=''
FGREP='/usr/bin/grep -F'
GREP='/usr/bin/grep'
HOST_IS_DARWIN_FALSE='#'
HOST_IS_DARWIN_TRUE=''
HOST_IS_LINUX_FALSE=''
HOST_IS_LINUX_TRUE='#'
INSTALL_DATA='${INSTALL} -m 644'
INSTALL_PROGRAM='${INSTALL}'
INSTALL_SCRIPT='${INSTALL}'
INSTALL_STRIP_PROGRAM='$(install_sh) -c -s'
LD='/Applications/Xcode.app/Contents/Developer/Toolchains/XcodeDefault.xctoolchain/usr/bin/ld'
LDFLAGS='-L/opt/local/lib'
LIBOBJS=' ${LIBOBJDIR}lstat$U.o'
LIBS='-lz -lncurses -lpthread '
LIBTOOL='$(SHELL) $(top_builddir)/libtool'
LIPO='lipo'
LN_S='ln -s'
LTLIBOBJS=' ${LIBOBJDIR}lstat$U.lo'
MAKEINFO='${SHELL} /Users/colin3dmax/Work/nice-adb/missing makeinfo'
MANIFEST_TOOL=':'
MKDIR_P='/opt/local/bin/gmkdir -p'
NM='/usr/bin/nm'
NMEDIT='nmedit'
OBJDUMP='false'
OBJEXT='o'
OTOOL64=':'
OTOOL='otool'
PACKAGE='test'
PACKAGE_BUGREPORT='karfield@126.com'
PACKAGE_NAME='adb'
PACKAGE_STRING='adb 1.0.1'
PACKAGE_TARNAME='adb'
PACKAGE_URL=''
PACKAGE_VERSION='1.0.1'
PATH_SEPARATOR=':'
RANLIB='ranlib'
SED='/opt/local/bin/gsed'
SET_MAKE=''
SHELL='/bin/sh'
STRIP='strip'
VERSION='1.0'
ac_ct_AR='ar'
ac_ct_CC='gcc'
ac_ct_CXX='g++'
ac_ct_DUMPBIN=''
am__EXEEXT_FALSE=''
am__EXEEXT_TRUE='#'
am__fastdepCC_FALSE='#'
am__fastdepCC_TRUE=''
am__fastdepCXX_FALSE='#'
am__fastdepCXX_TRUE=''
am__include='include'
am__isrc=''
am__leading_dot='.'
am__nodep='_no'
am__quote=''
am__tar='$${TAR-tar} chof - "$$tardir"'
am__untar='$${TAR-tar} xf -'
bindir='${exec_prefix}/bin'
build='x86_64-apple-darwin14.1.0'
build_alias=''
build_cpu='x86_64'
build_os='darwin14.1.0'
build_vendor='apple'
datadir='${datarootdir}'
datarootdir='${prefix}/share'
docdir='${datarootdir}/doc/${PACKAGE_TARNAME}'
dvidir='${docdir}'
exec_prefix='${prefix}'
host='x86_64-apple-darwin14.1.0'
host_alias=''
host_cpu='x86_64'
host_os='darwin14.1.0'
host_vendor='apple'
htmldir='${docdir}'
includedir='${prefix}/include'
infodir='${datarootdir}/info'
install_sh='${SHELL} /Users/colin3dmax/Work/nice-adb/install-sh'
libdir='${exec_prefix}/lib'
libexecdir='${exec_prefix}/libexec'
localedir='${datarootdir}/locale'
localstatedir='${prefix}/var'
mandir='${datarootdir}/man'
mkdir_p='$(MKDIR_P)'
oldincludedir='/usr/include'
pdfdir='${docdir}'
prefix='/usr/local'
program_transform_name='s,x,x,'
psdir='${docdir}'
sbindir='${exec_prefix}/sbin'
sharedstatedir='${prefix}/com'
sysconfdir='${prefix}/etc'
target_alias=''

## ----------- ##
## confdefs.h. ##
## ----------- ##

/* confdefs.h */
#define PACKAGE_NAME "adb"
#define PACKAGE_TARNAME "adb"
#define PACKAGE_VERSION "1.0.1"
#define PACKAGE_STRING "adb 1.0.1"
#define PACKAGE_BUGREPORT "karfield@126.com"
#define PACKAGE_URL ""
#define PACKAGE "test"
#define VERSION "1.0"
#define STDC_HEADERS 1
#define HAVE_SYS_TYPES_H 1
#define HAVE_SYS_STAT_H 1
#define HAVE_STDLIB_H 1
#define HAVE_STRING_H 1
#define HAVE_MEMORY_H 1
#define HAVE_STRINGS_H 1
#define HAVE_INTTYPES_H 1
#define HAVE_STDINT_H 1
#define HAVE_UNISTD_H 1
#define HAVE_DLFCN_H 1
#define LT_OBJDIR ".libs/"
#define HAVE_LIBPTHREAD 1
#define HAVE_LIBNCURSES 1
#define HAVE_LIBZ 1
#define HAVE_FCNTL_H 1
#define HAVE_LIMITS_H 1
#define HAVE_MEMORY_H 1
#define HAVE_NETDB_H 1
#define HAVE_NETINET_IN_H 1
#define HAVE_STDDEF_H 1
#define HAVE_STDINT_H 1
#define HAVE_STDLIB_H 1
#define HAVE_STRING_H 1
#define HAVE_STRINGS_H 1
#define HAVE_SYS_IOCTL_H 1
#define HAVE_SYS_MOUNT_H 1
#define HAVE_SYS_SOCKET_H 1
#define HAVE_SYS_TIME_H 1
#define HAVE_TERMIOS_H 1
#define HAVE_UNISTD_H 1
#define HAVE_UTIME_H 1
#define HAVE__BOOL 1
#define HAVE_STDBOOL_H 1
#define HAVE_ALLOCA_H 1
#define HAVE_ALLOCA 1
#define HAVE_FORK 1
#define HAVE_VFORK 1
#define HAVE_WORKING_VFORK 1
#define HAVE_WORKING_FORK 1
#define HAVE_STDLIB_H 1
#define HAVE_MALLOC 1
#define HAVE_STDLIB_H 1
#define HAVE_REALLOC 1
#define HAVE_ATEXIT 1
#define HAVE_DUP2 1
#define HAVE_GETCWD 1
#define HAVE_GETHOSTBYNAME 1
#define HAVE_GETTIMEOFDAY 1
#define HAVE_LOCALTIME_R 1
#define HAVE_MEMSET 1
#define HAVE_MKDIR 1
#define HAVE_SELECT 1
#define HAVE_SOCKET 1
#define HAVE_STRCHR 1
#define HAVE_STRDUP 1
#define HAVE_STRERROR 1
#define HAVE_STRPBRK 1
#define HAVE_STRRCHR 1
#define HAVE_STRTOL 1
#define HAVE_STRTOUL 1
#define HAVE_TZSET 1
#define HAVE_UTIME 1

configure: exit 0
